This file contains any messages produced by compilers while
running configure, to aid debugging if configure makes a mistake.

It was created by lib_mysqludf_stem configure 0.9.1, which was
generated by GNU Autoconf 2.64.  Invocation command line was

  $ ./configure 

## --------- ##
## Platform. ##
## --------- ##

hostname = arnold-laptop
uname -m = i686
uname -r = 2.6.31-14-generic
uname -s = Linux
uname -v = #48-Ubuntu SMP Fri Oct 16 14:04:26 UTC 2009

/usr/bin/uname -p = unknown
/bin/uname -X     = unknown

/bin/arch              = unknown
/usr/bin/arch -k       = unknown
/usr/convex/getsysinfo = unknown
/usr/bin/hostinfo      = unknown
/bin/machine           = unknown
/usr/bin/oslevel       = unknown
/bin/universe          = unknown

PATH: /usr/local/sbin
PATH: /usr/local/bin
PATH: /usr/sbin
PATH: /usr/bin
PATH: /sbin
PATH: /bin
PATH: /usr/bin/X11
PATH: /usr/games
PATH: /opt/zend/bin


## ----------- ##
## Core tests. ##
## ----------- ##

configure:2412: checking for a BSD-compatible install
configure:2480: result: /usr/bin/install -c
configure:2491: checking whether build environment is sane
configure:2541: result: yes
configure:2682: checking for a thread-safe mkdir -p
configure:2721: result: /bin/mkdir -p
configure:2734: checking for gawk
configure:2750: found /usr/bin/gawk
configure:2761: result: gawk
configure:2772: checking whether make sets $(MAKE)
configure:2794: result: yes
configure:2923: checking for gcc
configure:2939: found /usr/bin/gcc
configure:2950: result: gcc
configure:3179: checking for C compiler version
configure:3188: gcc --version >&5
gcc (Ubuntu 4.4.1-4ubuntu8) 4.4.1
Copyright (C) 2009 Free Software Foundation, Inc.
This is free software; see the source for copying conditions.  There is NO
warranty; not even for MERCHANTABILITY or FITNESS FOR A PARTICULAR PURPOSE.

configure:3199: $? = 0
configure:3188: gcc -v >&5
Using built-in specs.
Target: i486-linux-gnu
Configured with: ../src/configure -v --with-pkgversion='Ubuntu 4.4.1-4ubuntu8' --with-bugurl=file:///usr/share/doc/gcc-4.4/README.Bugs --enable-languages=c,c++,fortran,objc,obj-c++ --prefix=/usr --enable-shared --enable-multiarch --enable-linker-build-id --with-system-zlib --libexecdir=/usr/lib --without-included-gettext --enable-threads=posix --with-gxx-include-dir=/usr/include/c++/4.4 --program-suffix=-4.4 --enable-nls --enable-clocale=gnu --enable-libstdcxx-debug --enable-objc-gc --enable-targets=all --disable-werror --with-arch-32=i486 --with-tune=generic --enable-checking=release --build=i486-linux-gnu --host=i486-linux-gnu --target=i486-linux-gnu
Thread model: posix
gcc version 4.4.1 (Ubuntu 4.4.1-4ubuntu8) 
configure:3199: $? = 0
configure:3188: gcc -V >&5
gcc: '-V' option must have argument
configure:3199: $? = 1
configure:3188: gcc -qversion >&5
gcc: unrecognized option '-qversion'
gcc: no input files
configure:3199: $? = 1
configure:3221: checking for C compiler default output file name
configure:3243: gcc    conftest.c  >&5
configure:3247: $? = 0
configure:3284: result: a.out
configure:3300: checking whether the C compiler works
configure:3309: ./a.out
configure:3313: $? = 0
configure:3328: result: yes
configure:3335: checking whether we are cross compiling
configure:3337: result: no
configure:3340: checking for suffix of executables
configure:3347: gcc -o conftest    conftest.c  >&5
configure:3351: $? = 0
configure:3373: result: 
configure:3379: checking for suffix of object files
configure:3401: gcc -c   conftest.c >&5
configure:3405: $? = 0
configure:3426: result: o
configure:3430: checking whether we are using the GNU C compiler
configure:3449: gcc -c   conftest.c >&5
configure:3449: $? = 0
configure:3458: result: yes
configure:3467: checking whether gcc accepts -g
configure:3487: gcc -c -g  conftest.c >&5
configure:3487: $? = 0
configure:3528: result: yes
configure:3545: checking for gcc option to accept ISO C89
configure:3609: gcc  -c -g -O2  conftest.c >&5
configure:3609: $? = 0
configure:3622: result: none needed
configure:3653: checking for style of include used by make
configure:3681: result: GNU
configure:3706: checking dependency style of gcc
configure:3816: result: gcc3
configure:3860: checking build system type
configure:3874: result: i686-pc-linux-gnu
configure:3894: checking host system type
configure:3907: result: i686-pc-linux-gnu
configure:3927: checking for a sed that does not truncate output
configure:3991: result: /bin/sed
configure:4009: checking for grep that handles long lines and -e
configure:4067: result: /bin/grep
configure:4072: checking for egrep
configure:4134: result: /bin/grep -E
configure:4139: checking for fgrep
configure:4201: result: /bin/grep -F
configure:4236: checking for ld used by gcc
configure:4303: result: /usr/bin/ld
configure:4310: checking if the linker (/usr/bin/ld) is GNU ld
configure:4325: result: yes
configure:4337: checking for BSD- or MS-compatible name lister (nm)
configure:4386: result: /usr/bin/nm -B
configure:4504: checking the name lister (/usr/bin/nm -B) interface
configure:4511: gcc -c -g -O2  conftest.c >&5
configure:4514: /usr/bin/nm -B "conftest.o"
configure:4517: output
00000000 B some_variable
configure:4524: result: BSD nm
configure:4527: checking whether ln -s works
configure:4531: result: yes
configure:4539: checking the maximum length of command line arguments
configure:4659: result: 1572864
configure:4676: checking whether the shell understands some XSI constructs
configure:4686: result: yes
configure:4690: checking whether the shell understands "+="
configure:4696: result: yes
configure:4731: checking for /usr/bin/ld option to reload object files
configure:4738: result: -r
configure:4807: checking for objdump
configure:4823: found /usr/bin/objdump
configure:4834: result: objdump
configure:4866: checking how to recognize dependent libraries
configure:5062: result: pass_all
configure:5122: checking for ar
configure:5138: found /usr/bin/ar
configure:5149: result: ar
configure:5227: checking for strip
configure:5243: found /usr/bin/strip
configure:5254: result: strip
configure:5326: checking for ranlib
configure:5342: found /usr/bin/ranlib
configure:5353: result: ranlib
configure:5443: checking command to parse /usr/bin/nm -B output from gcc object
configure:5561: gcc -c -g -O2  conftest.c >&5
configure:5564: $? = 0
configure:5568: /usr/bin/nm -B conftest.o \| sed -n -e 's/^.*[	 ]\([ABCDGIRSTW][ABCDGIRSTW]*\)[	 ][	 ]*\([_A-Za-z][_A-Za-z0-9]*\)$/\1 \2 \2/p' \> conftest.nm
configure:5571: $? = 0
configure:5625: gcc -o conftest -g -O2   conftest.c conftstm.o >&5
configure:5628: $? = 0
configure:5666: result: ok
configure:6475: checking how to run the C preprocessor
configure:6506: gcc -E  conftest.c
configure:6506: $? = 0
configure:6520: gcc -E  conftest.c
conftest.c:11:28: error: ac_nonexistent.h: No such file or directory
configure:6520: $? = 1
configure: failed program was:
| /* confdefs.h */
| #define PACKAGE_NAME "lib_mysqludf_stem"
| #define PACKAGE_TARNAME "lib_mysqludf_stem"
| #define PACKAGE_VERSION "0.9.1"
| #define PACKAGE_STRING "lib_mysqludf_stem 0.9.1"
| #define PACKAGE_BUGREPORT "info@adaniels.nl"
| #define PACKAGE_URL ""
| #define PACKAGE "lib_mysqludf_stem"
| #define VERSION "0.9.1"
| /* end confdefs.h.  */
| #include <ac_nonexistent.h>
configure:6545: result: gcc -E
configure:6565: gcc -E  conftest.c
configure:6565: $? = 0
configure:6579: gcc -E  conftest.c
conftest.c:11:28: error: ac_nonexistent.h: No such file or directory
configure:6579: $? = 1
configure: failed program was:
| /* confdefs.h */
| #define PACKAGE_NAME "lib_mysqludf_stem"
| #define PACKAGE_TARNAME "lib_mysqludf_stem"
| #define PACKAGE_VERSION "0.9.1"
| #define PACKAGE_STRING "lib_mysqludf_stem 0.9.1"
| #define PACKAGE_BUGREPORT "info@adaniels.nl"
| #define PACKAGE_URL ""
| #define PACKAGE "lib_mysqludf_stem"
| #define VERSION "0.9.1"
| /* end confdefs.h.  */
| #include <ac_nonexistent.h>
configure:6608: checking for ANSI C header files
configure:6628: gcc -c -g -O2  conftest.c >&5
configure:6628: $? = 0
configure:6701: gcc -o conftest -g -O2   conftest.c  >&5
configure:6701: $? = 0
configure:6701: ./conftest
configure:6701: $? = 0
configure:6712: result: yes
configure:6725: checking for sys/types.h
configure:6725: gcc -c -g -O2  conftest.c >&5
configure:6725: $? = 0
configure:6725: result: yes
configure:6725: checking for sys/stat.h
configure:6725: gcc -c -g -O2  conftest.c >&5
configure:6725: $? = 0
configure:6725: result: yes
configure:6725: checking for stdlib.h
configure:6725: gcc -c -g -O2  conftest.c >&5
configure:6725: $? = 0
configure:6725: result: yes
configure:6725: checking for string.h
configure:6725: gcc -c -g -O2  conftest.c >&5
configure:6725: $? = 0
configure:6725: result: yes
configure:6725: checking for memory.h
configure:6725: gcc -c -g -O2  conftest.c >&5
configure:6725: $? = 0
configure:6725: result: yes
configure:6725: checking for strings.h
configure:6725: gcc -c -g -O2  conftest.c >&5
configure:6725: $? = 0
configure:6725: result: yes
configure:6725: checking for inttypes.h
configure:6725: gcc -c -g -O2  conftest.c >&5
configure:6725: $? = 0
configure:6725: result: yes
configure:6725: checking for stdint.h
configure:6725: gcc -c -g -O2  conftest.c >&5
configure:6725: $? = 0
configure:6725: result: yes
configure:6725: checking for unistd.h
configure:6725: gcc -c -g -O2  conftest.c >&5
configure:6725: $? = 0
configure:6725: result: yes
configure:6740: checking for dlfcn.h
configure:6740: gcc -c -g -O2  conftest.c >&5
configure:6740: $? = 0
configure:6740: result: yes
configure:6924: checking for objdir
configure:6939: result: .libs
configure:7231: checking if gcc supports -fno-rtti -fno-exceptions
configure:7249: gcc -c -g -O2  -fno-rtti -fno-exceptions conftest.c >&5
cc1: warning: command line option "-fno-rtti" is valid for C++/ObjC++ but not for C
configure:7253: $? = 0
configure:7266: result: no
configure:7286: checking for gcc option to produce PIC
configure:7558: result: -fPIC -DPIC
configure:7570: checking if gcc PIC flag -fPIC -DPIC works
configure:7588: gcc -c -g -O2  -fPIC -DPIC -DPIC conftest.c >&5
configure:7592: $? = 0
configure:7605: result: yes
configure:7629: checking if gcc static flag -static works
configure:7657: result: yes
configure:7672: checking if gcc supports -c -o file.o
configure:7693: gcc -c -g -O2  -o out/conftest2.o conftest.c >&5
configure:7697: $? = 0
configure:7719: result: yes
configure:7727: checking if gcc supports -c -o file.o
configure:7774: result: yes
configure:7807: checking whether the gcc linker (/usr/bin/ld) supports shared libraries
configure:8797: result: yes
configure:8834: checking whether -lc should be explicitly linked in
configure:8839: gcc -c -g -O2  conftest.c >&5
configure:8842: $? = 0
configure:8857: gcc -shared conftest.o  -v -Wl,-soname -Wl,conftest -o conftest 2\>\&1 \| /bin/grep  -lc  \>/dev/null 2\>\&1
configure:8860: $? = 0
configure:8872: result: no
configure:9036: checking dynamic linker characteristics
configure:9469: gcc -o conftest -g -O2   -Wl,-rpath -Wl,/foo conftest.c  >&5
configure:9469: $? = 0
configure:9699: result: GNU/Linux ld.so
configure:9801: checking how to hardcode library paths into programs
configure:9826: result: immediate
configure:10346: checking whether stripping libraries is possible
configure:10351: result: yes
configure:10386: checking if libtool supports shared libraries
configure:10388: result: yes
configure:10391: checking whether to build shared libraries
configure:10412: result: yes
configure:10415: checking whether to build static libraries
configure:10419: result: yes
configure:10536: checking for mysql_config
configure:10554: found /usr/bin/mysql_config
configure:10567: result: /usr/bin/mysql_config
configure:10578: checking for MySQL libraries
configure:10595: result: yes
configure:10675: checking for mysqlbin
configure:10752: checking for an ANSI C-conforming const
configure:10817: gcc -c -g -O2  conftest.c >&5
configure:10817: $? = 0
configure:10824: result: yes
configure:10832: checking for size_t
configure:10832: gcc -c -g -O2  conftest.c >&5
configure:10832: $? = 0
configure:10832: gcc -c -g -O2  conftest.c >&5
conftest.c: In function 'main':
conftest.c:60: error: expected expression before ')' token
configure:10832: $? = 1
configure: failed program was:
| /* confdefs.h */
| #define PACKAGE_NAME "lib_mysqludf_stem"
| #define PACKAGE_TARNAME "lib_mysqludf_stem"
| #define PACKAGE_VERSION "0.9.1"
| #define PACKAGE_STRING "lib_mysqludf_stem 0.9.1"
| #define PACKAGE_BUGREPORT "info@adaniels.nl"
| #define PACKAGE_URL ""
| #define PACKAGE "lib_mysqludf_stem"
| #define VERSION "0.9.1"
| #define STDC_HEADERS 1
| #define HAVE_SYS_TYPES_H 1
| #define HAVE_SYS_STAT_H 1
| #define HAVE_STDLIB_H 1
| #define HAVE_STRING_H 1
| #define HAVE_MEMORY_H 1
| #define HAVE_STRINGS_H 1
| #define HAVE_INTTYPES_H 1
| #define HAVE_STDINT_H 1
| #define HAVE_UNISTD_H 1
| #define HAVE_DLFCN_H 1
| #define LT_OBJDIR ".libs/"
| #define HAVE_MYSQL 1
| /* end confdefs.h.  */
| #include <stdio.h>
| #ifdef HAVE_SYS_TYPES_H
| # include <sys/types.h>
| #endif
| #ifdef HAVE_SYS_STAT_H
| # include <sys/stat.h>
| #endif
| #ifdef STDC_HEADERS
| # include <stdlib.h>
| # include <stddef.h>
| #else
| # ifdef HAVE_STDLIB_H
| #  include <stdlib.h>
| # endif
| #endif
| #ifdef HAVE_STRING_H
| # if !defined STDC_HEADERS && defined HAVE_MEMORY_H
| #  include <memory.h>
| # endif
| # include <string.h>
| #endif
| #ifdef HAVE_STRINGS_H
| # include <strings.h>
| #endif
| #ifdef HAVE_INTTYPES_H
| # include <inttypes.h>
| #endif
| #ifdef HAVE_STDINT_H
| # include <stdint.h>
| #endif
| #ifdef HAVE_UNISTD_H
| # include <unistd.h>
| #endif
| int
| main ()
| {
| if (sizeof ((size_t)))
| 	    return 0;
|   ;
|   return 0;
| }
configure:10832: result: yes
configure:10846: checking limits.h usability
configure:10846: gcc -c -g -O2  conftest.c >&5
configure:10846: $? = 0
configure:10846: result: yes
configure:10846: checking limits.h presence
configure:10846: gcc -E  conftest.c
configure:10846: $? = 0
configure:10846: result: yes
configure:10846: checking for limits.h
configure:10846: result: yes
configure:10846: checking syslimits.h usability
configure:10846: gcc -c -g -O2  conftest.c >&5
In file included from /usr/lib/gcc/i486-linux-gnu/4.4.1/include-fixed/syslimits.h:7,
                 from conftest.c:58:
/usr/include/limits.h:125:26: error: no include path in which to search for limits.h
configure:10846: $? = 1
configure: failed program was:
| /* confdefs.h */
| #define PACKAGE_NAME "lib_mysqludf_stem"
| #define PACKAGE_TARNAME "lib_mysqludf_stem"
| #define PACKAGE_VERSION "0.9.1"
| #define PACKAGE_STRING "lib_mysqludf_stem 0.9.1"
| #define PACKAGE_BUGREPORT "info@adaniels.nl"
| #define PACKAGE_URL ""
| #define PACKAGE "lib_mysqludf_stem"
| #define VERSION "0.9.1"
| #define STDC_HEADERS 1
| #define HAVE_SYS_TYPES_H 1
| #define HAVE_SYS_STAT_H 1
| #define HAVE_STDLIB_H 1
| #define HAVE_STRING_H 1
| #define HAVE_MEMORY_H 1
| #define HAVE_STRINGS_H 1
| #define HAVE_INTTYPES_H 1
| #define HAVE_STDINT_H 1
| #define HAVE_UNISTD_H 1
| #define HAVE_DLFCN_H 1
| #define LT_OBJDIR ".libs/"
| #define HAVE_MYSQL 1
| #define HAVE_LIMITS_H 1
| /* end confdefs.h.  */
| #include <stdio.h>
| #ifdef HAVE_SYS_TYPES_H
| # include <sys/types.h>
| #endif
| #ifdef HAVE_SYS_STAT_H
| # include <sys/stat.h>
| #endif
| #ifdef STDC_HEADERS
| # include <stdlib.h>
| # include <stddef.h>
| #else
| # ifdef HAVE_STDLIB_H
| #  include <stdlib.h>
| # endif
| #endif
| #ifdef HAVE_STRING_H
| # if !defined STDC_HEADERS && defined HAVE_MEMORY_H
| #  include <memory.h>
| # endif
| # include <string.h>
| #endif
| #ifdef HAVE_STRINGS_H
| # include <strings.h>
| #endif
| #ifdef HAVE_INTTYPES_H
| # include <inttypes.h>
| #endif
| #ifdef HAVE_STDINT_H
| # include <stdint.h>
| #endif
| #ifdef HAVE_UNISTD_H
| # include <unistd.h>
| #endif
| #include <syslimits.h>
configure:10846: result: no
configure:10846: checking syslimits.h presence
configure:10846: gcc -E  conftest.c
In file included from /usr/lib/gcc/i486-linux-gnu/4.4.1/include-fixed/syslimits.h:7,
                 from conftest.c:25:
/usr/include/limits.h:125:26: error: no include path in which to search for limits.h
configure:10846: $? = 1
configure: failed program was:
| /* confdefs.h */
| #define PACKAGE_NAME "lib_mysqludf_stem"
| #define PACKAGE_TARNAME "lib_mysqludf_stem"
| #define PACKAGE_VERSION "0.9.1"
| #define PACKAGE_STRING "lib_mysqludf_stem 0.9.1"
| #define PACKAGE_BUGREPORT "info@adaniels.nl"
| #define PACKAGE_URL ""
| #define PACKAGE "lib_mysqludf_stem"
| #define VERSION "0.9.1"
| #define STDC_HEADERS 1
| #define HAVE_SYS_TYPES_H 1
| #define HAVE_SYS_STAT_H 1
| #define HAVE_STDLIB_H 1
| #define HAVE_STRING_H 1
| #define HAVE_MEMORY_H 1
| #define HAVE_STRINGS_H 1
| #define HAVE_INTTYPES_H 1
| #define HAVE_STDINT_H 1
| #define HAVE_UNISTD_H 1
| #define HAVE_DLFCN_H 1
| #define LT_OBJDIR ".libs/"
| #define HAVE_MYSQL 1
| #define HAVE_LIMITS_H 1
| /* end confdefs.h.  */
| #include <syslimits.h>
configure:10846: result: no
configure:10846: checking for syslimits.h
configure:10846: result: no
configure:10977: creating ./config.status

## ---------------------- ##
## Running config.status. ##
## ---------------------- ##

This file was extended by lib_mysqludf_stem config.status 0.9.1, which was
generated by GNU Autoconf 2.64.  Invocation command line was

  CONFIG_FILES    = 
  CONFIG_HEADERS  = 
  CONFIG_LINKS    = 
  CONFIG_COMMANDS = 
  $ ./config.status 

on arnold-laptop

config.status:1054: error: cannot find input file: `Makefile.in'

## ---------------- ##
## Cache variables. ##
## ---------------- ##

ac_cv_build=i686-pc-linux-gnu
ac_cv_c_compiler_gnu=yes
ac_cv_c_const=yes
ac_cv_env_CC_set=
ac_cv_env_CC_value=
ac_cv_env_CFLAGS_set=
ac_cv_env_CFLAGS_value=
ac_cv_env_CPPFLAGS_set=
ac_cv_env_CPPFLAGS_value=
ac_cv_env_CPP_set=
ac_cv_env_CPP_value=
ac_cv_env_LDFLAGS_set=
ac_cv_env_LDFLAGS_value=
ac_cv_env_LIBS_set=
ac_cv_env_LIBS_value=
ac_cv_env_build_alias_set=
ac_cv_env_build_alias_value=
ac_cv_env_host_alias_set=
ac_cv_env_host_alias_value=
ac_cv_env_target_alias_set=
ac_cv_env_target_alias_value=
ac_cv_header_dlfcn_h=yes
ac_cv_header_inttypes_h=yes
ac_cv_header_limits_h=yes
ac_cv_header_memory_h=yes
ac_cv_header_stdc=yes
ac_cv_header_stdint_h=yes
ac_cv_header_stdlib_h=yes
ac_cv_header_string_h=yes
ac_cv_header_strings_h=yes
ac_cv_header_sys_stat_h=yes
ac_cv_header_sys_types_h=yes
ac_cv_header_syslimits_h=no
ac_cv_header_unistd_h=yes
ac_cv_host=i686-pc-linux-gnu
ac_cv_objext=o
ac_cv_path_EGREP='/bin/grep -E'
ac_cv_path_FGREP='/bin/grep -F'
ac_cv_path_GREP=/bin/grep
ac_cv_path_MYSQL_CONFIG=/usr/bin/mysql_config
ac_cv_path_SED=/bin/sed
ac_cv_path_install='/usr/bin/install -c'
ac_cv_path_mkdir=/bin/mkdir
ac_cv_prog_AWK=gawk
ac_cv_prog_CPP='gcc -E'
ac_cv_prog_ac_ct_AR=ar
ac_cv_prog_ac_ct_CC=gcc
ac_cv_prog_ac_ct_OBJDUMP=objdump
ac_cv_prog_ac_ct_RANLIB=ranlib
ac_cv_prog_ac_ct_STRIP=strip
ac_cv_prog_cc_c89=
ac_cv_prog_cc_g=yes
ac_cv_prog_make_make_set=yes
ac_cv_type_size_t=yes
am_cv_CC_dependencies_compiler_type=gcc3
lt_cv_deplibs_check_method=pass_all
lt_cv_file_magic_cmd='$MAGIC_CMD'
lt_cv_file_magic_test_file=
lt_cv_ld_reload_flag=-r
lt_cv_nm_interface='BSD nm'
lt_cv_objdir=.libs
lt_cv_path_LD=/usr/bin/ld
lt_cv_path_NM='/usr/bin/nm -B'
lt_cv_prog_compiler_c_o=yes
lt_cv_prog_compiler_pic_works=yes
lt_cv_prog_compiler_rtti_exceptions=no
lt_cv_prog_compiler_static_works=yes
lt_cv_prog_gnu_ld=yes
lt_cv_sys_global_symbol_pipe='sed -n -e '\''s/^.*[	 ]\([ABCDGIRSTW][ABCDGIRSTW]*\)[	 ][	 ]*\([_A-Za-z][_A-Za-z0-9]*\)$/\1 \2 \2/p'\'''
lt_cv_sys_global_symbol_to_c_name_address='sed -n -e '\''s/^: \([^ ]*\) $/  {\"\1\", (void *) 0},/p'\'' -e '\''s/^[ABCDGIRSTW]* \([^ ]*\) \([^ ]*\)$/  {"\2", (void *) \&\2},/p'\'''
lt_cv_sys_global_symbol_to_c_name_address_lib_prefix='sed -n -e '\''s/^: \([^ ]*\) $/  {\"\1\", (void *) 0},/p'\'' -e '\''s/^[ABCDGIRSTW]* \([^ ]*\) \(lib[^ ]*\)$/  {"\2", (void *) \&\2},/p'\'' -e '\''s/^[ABCDGIRSTW]* \([^ ]*\) \([^ ]*\)$/  {"lib\2", (void *) \&\2},/p'\'''
lt_cv_sys_global_symbol_to_cdecl='sed -n -e '\''s/^T .* \(.*\)$/extern int \1();/p'\'' -e '\''s/^[ABCDGIRSTW]* .* \(.*\)$/extern char \1;/p'\'''
lt_cv_sys_max_cmd_len=1572864

## ----------------- ##
## Output variables. ##
## ----------------- ##

ACLOCAL='${SHELL} /home/arnold/projects/lib_mysqludf_stem/config/missing --run aclocal-1.11'
AMDEPBACKSLASH='\'
AMDEP_FALSE='#'
AMDEP_TRUE=''
AMTAR='${SHELL} /home/arnold/projects/lib_mysqludf_stem/config/missing --run tar'
AR='ar'
AUTOCONF='${SHELL} /home/arnold/projects/lib_mysqludf_stem/config/missing --run autoconf'
AUTOHEADER='${SHELL} /home/arnold/projects/lib_mysqludf_stem/config/missing --run autoheader'
AUTOMAKE='${SHELL} /home/arnold/projects/lib_mysqludf_stem/config/missing --run automake-1.11'
AWK='gawk'
CC='gcc'
CCDEPMODE='depmode=gcc3'
CFLAGS='-g -O2'
CPP='gcc -E'
CPPFLAGS=''
CYGPATH_W='echo'
DEFS='-DHAVE_CONFIG_H'
DEPDIR='.deps'
DSYMUTIL=''
DUMPBIN=''
ECHO_C=''
ECHO_N='-n'
ECHO_T=''
EGREP='/bin/grep -E'
EXEEXT=''
FGREP='/bin/grep -F'
GREP='/bin/grep'
INSTALL_DATA='${INSTALL} -m 644'
INSTALL_PROGRAM='${INSTALL}'
INSTALL_SCRIPT='${INSTALL}'
INSTALL_STRIP_PROGRAM='$(install_sh) -c -s'
LD='/usr/bin/ld'
LDFLAGS=''
LIBOBJS=''
LIBS=''
LIBTOOL='$(SHELL) $(top_builddir)/libtool'
LIPO=''
LN_S='ln -s'
LTLIBOBJS=''
MAKEINFO='${SHELL} /home/arnold/projects/lib_mysqludf_stem/config/missing --run makeinfo'
MKDIR_P='/bin/mkdir -p'
MYSQL='/usr/bin/mysql --defaults-file=/etc/mysql/debian.cnf'
MYSQLADMIN='/usr/bin/mysqladmin --defaults-file=/etc/mysql/debian.cnf'
MYSQLTEST='/usr/bin/mysqltest --defaults-file=/etc/mysql/debian.cnf'
MYSQL_CFLAGS='-I/usr/include/mysql  -DBIG_JOINS=1  -fno-strict-aliasing   -DUNIV_LINUX'
MYSQL_CONFIG='/usr/bin/mysql_config'
MYSQL_LDFLAGS='-Wl,-Bsymbolic-functions -rdynamic -L/usr/lib/mysql -lmysqlclient'
MYSQL_PLUGINDIR=''
MYSQL_VERSION='5.1.37'
NM='/usr/bin/nm -B'
NMEDIT=''
OBJDUMP='objdump'
OBJEXT='o'
OTOOL64=''
OTOOL=''
PACKAGE='lib_mysqludf_stem'
PACKAGE_BUGREPORT='info@adaniels.nl'
PACKAGE_NAME='lib_mysqludf_stem'
PACKAGE_STRING='lib_mysqludf_stem 0.9.1'
PACKAGE_TARNAME='lib_mysqludf_stem'
PACKAGE_URL=''
PACKAGE_VERSION='0.9.1'
PATH_SEPARATOR=':'
RANLIB='ranlib'
SED='/bin/sed'
SET_MAKE=''
SHELL='/bin/bash'
STRIP='strip'
VERSION='0.9.1'
ac_ct_CC='gcc'
ac_ct_DUMPBIN=''
am__EXEEXT_FALSE=''
am__EXEEXT_TRUE='#'
am__fastdepCC_FALSE='#'
am__fastdepCC_TRUE=''
am__include='include'
am__isrc=''
am__leading_dot='.'
am__quote=''
am__tar='${AMTAR} chof - "$$tardir"'
am__untar='${AMTAR} xf -'
bindir='${exec_prefix}/bin'
build='i686-pc-linux-gnu'
build_alias=''
build_cpu='i686'
build_os='linux-gnu'
build_vendor='pc'
datadir='${datarootdir}'
datarootdir='${prefix}/share'
docdir='${datarootdir}/doc/${PACKAGE_TARNAME}'
dvidir='${docdir}'
exec_prefix='${prefix}'
host='i686-pc-linux-gnu'
host_alias=''
host_cpu='i686'
host_os='linux-gnu'
host_vendor='pc'
htmldir='${docdir}'
includedir='${prefix}/include'
infodir='${datarootdir}/info'
install_sh='${SHELL} /home/arnold/projects/lib_mysqludf_stem/config/install-sh'
libdir='${exec_prefix}/lib'
libexecdir='${exec_prefix}/libexec'
localedir='${datarootdir}/locale'
localstatedir='${prefix}/var'
lt_ECHO='echo'
mandir='${datarootdir}/man'
mkdir_p='/bin/mkdir -p'
oldincludedir='/usr/include'
pdfdir='${docdir}'
prefix='/usr/local'
program_transform_name='s,x,x,'
psdir='${docdir}'
sbindir='${exec_prefix}/sbin'
sharedstatedir='${prefix}/com'
sysconfdir='${prefix}/etc'
target_alias=''

## ----------- ##
## confdefs.h. ##
## ----------- ##

/* confdefs.h */
#define PACKAGE_NAME "lib_mysqludf_stem"
#define PACKAGE_TARNAME "lib_mysqludf_stem"
#define PACKAGE_VERSION "0.9.1"
#define PACKAGE_STRING "lib_mysqludf_stem 0.9.1"
#define PACKAGE_BUGREPORT "info@adaniels.nl"
#define PACKAGE_URL ""
#define PACKAGE "lib_mysqludf_stem"
#define VERSION "0.9.1"
#define STDC_HEADERS 1
#define HAVE_SYS_TYPES_H 1
#define HAVE_SYS_STAT_H 1
#define HAVE_STDLIB_H 1
#define HAVE_STRING_H 1
#define HAVE_MEMORY_H 1
#define HAVE_STRINGS_H 1
#define HAVE_INTTYPES_H 1
#define HAVE_STDINT_H 1
#define HAVE_UNISTD_H 1
#define HAVE_DLFCN_H 1
#define LT_OBJDIR ".libs/"
#define HAVE_MYSQL 1
#define HAVE_LIMITS_H 1

configure: exit 1
